2020-09-02 13:03:14,648 INFO:  In Nexus to Starting Nexus! 
2020-09-02 13:03:28,455 INFO:  Starting searching for Relationshilp in Supplier Side! 
2020-09-02 13:03:44,054 INFO:  Starting Setup_ID_validation in Supplier Side! 
2020-09-02 13:03:48,446 INFO:  Starting Setup capability validation in Supplier Side! 
2020-09-02 13:04:13,388 INFO:  Validating Capability Parameters in Supplier Side! 
2020-09-02 13:04:19,681 INFO:  Geting parameters in Supplier Side! 
2020-09-02 13:04:38,319 INFO:  Start Searching in Receiver Side ! 
2020-09-02 13:05:08,307 INFO:  Extracting TDs from Receiver Side ! 
2020-09-02 13:05:08,740 INFO:  Setup_IDs_validation in Receiver Side ! 
2020-09-02 13:05:08,871 INFO:  Start Extension_validation in Receiver Side ! 
2020-09-02 13:05:08,891 INFO:  Start Extracting Retailer_version in Receiver Side ! 
2020-09-02 13:05:13,406 INFO:  Map Extension Validation in Receiver Side ! 
2020-09-02 13:07:57,161 INFO:  Start Searching in Receiver Side ! 
2020-09-02 13:08:26,381 INFO:  Extracting TDs from Receiver Side ! 
2020-09-02 13:08:26,601 INFO:  Setup_IDs_validation in Receiver Side ! 
2020-09-02 13:08:26,730 INFO:  Start Extension_validation in Receiver Side ! 
2020-09-02 13:08:26,753 INFO:  Start Extracting Retailer_version in Receiver Side ! 
2020-09-02 13:08:31,273 INFO:  Map Extension Validation in Receiver Side ! 
2020-09-02 13:10:01,677 INFO:  Start Searching in Receiver Side ! 
2020-09-02 13:10:30,845 INFO:  Extracting TDs from Receiver Side ! 
2020-09-02 13:10:31,077 INFO:  Setup_IDs_validation in Receiver Side ! 
2020-09-02 13:10:31,213 INFO:  Start Extension_validation in Receiver Side ! 
2020-09-02 13:10:31,239 INFO:  Start Extracting Retailer_version in Receiver Side ! 
2020-09-02 13:10:35,782 INFO:  Map Extension Validation in Receiver Side ! 
2020-09-02 13:12:12,518 INFO:  Start Searching in Receiver Side ! 
2020-09-02 13:12:41,695 INFO:  Extracting TDs from Receiver Side ! 
2020-09-02 13:12:41,923 INFO:  Setup_IDs_validation in Receiver Side ! 
2020-09-02 13:12:42,051 INFO:  Start Extension_validation in Receiver Side ! 
2020-09-02 13:12:42,068 INFO:  Splitter Map is present in Receiver Side ! 
2020-09-02 13:12:42,089 INFO:  Start Extracting Retailer_version in Receiver Side ! 
2020-09-02 13:12:46,616 INFO:  Map Extension Validation in Receiver Side ! 
